This file contains any messages produced by compilers while
running configure, to aid debugging if configure makes a mistake.

It was created by SphinxTrain configure 5prealpha, which was
generated by GNU Autoconf 2.69.  Invocation command line was

  $ ./configure --prefix=/var/www/html/app/tutorial/sphinxtrain-5prealpha

## --------- ##
## Platform. ##
## --------- ##

hostname = ip-172-31-67-186
uname -m = x86_64
uname -r = 4.4.0-1013-aws
uname -s = Linux
uname -v = #22-Ubuntu SMP Fri Mar 31 15:41:31 UTC 2017

/usr/bin/uname -p = unknown
/bin/uname -X     = unknown

/bin/arch              = unknown
/usr/bin/arch -k       = unknown
/usr/convex/getsysinfo = unknown
/usr/bin/hostinfo      = unknown
/bin/machine           = unknown
/usr/bin/oslevel       = unknown
/bin/universe          = unknown

PATH: /var/www/html/app/tutorial/sphinxbase-5prealpha/bin
PATH: /var/www/html/app/tutorial/pocketsphinx-5prealpha/bin
PATH: /usr/local/sbin
PATH: /usr/local/bin
PATH: /usr/sbin
PATH: /usr/bin
PATH: /sbin
PATH: /bin
PATH: /usr/games
PATH: /usr/local/games


## ----------- ##
## Core tests. ##
## ----------- ##

configure:2519: checking for a BSD-compatible install
configure:2587: result: /usr/bin/install -c
configure:2598: checking whether build environment is sane
configure:2653: result: yes
configure:2804: checking for a thread-safe mkdir -p
configure:2843: result: /bin/mkdir -p
configure:2850: checking for gawk
configure:2866: found /usr/bin/gawk
configure:2877: result: gawk
configure:2888: checking whether make sets $(MAKE)
configure:2910: result: yes
configure:2939: checking whether make supports nested variables
configure:2956: result: yes
configure:3079: checking build system type
configure:3093: result: x86_64-unknown-linux-gnu
configure:3113: checking host system type
configure:3126: result: x86_64-unknown-linux-gnu
configure:3195: checking for gcc
configure:3211: found /usr/bin/gcc
configure:3222: result: gcc
configure:3451: checking for C compiler version
configure:3460: gcc --version >&5
gcc (Ubuntu 5.4.0-6ubuntu1~16.04.4) 5.4.0 20160609
Copyright (C) 2015 Free Software Foundation, Inc.
This is free software; see the source for copying conditions.  There is NO
warranty; not even for MERCHANTABILITY or FITNESS FOR A PARTICULAR PURPOSE.

configure:3471: $? = 0
configure:3460: gcc -v >&5
Using built-in specs.
COLLECT_GCC=gcc
COLLECT_LTO_WRAPPER=/usr/lib/gcc/x86_64-linux-gnu/5/lto-wrapper
Target: x86_64-linux-gnu
Configured with: ../src/configure -v --with-pkgversion='Ubuntu 5.4.0-6ubuntu1~16.04.4' --with-bugurl=file:///usr/share/doc/gcc-5/README.Bugs --enable-languages=c,ada,c++,java,go,d,fortran,objc,obj-c++ --prefix=/usr --program-suffix=-5 --enable-shared --enable-linker-build-id --libexecdir=/usr/lib --without-included-gettext --enable-threads=posix --libdir=/usr/lib --enable-nls --with-sysroot=/ --enable-clocale=gnu --enable-libstdcxx-debug --enable-libstdcxx-time=yes --with-default-libstdcxx-abi=new --enable-gnu-unique-object --disable-vtable-verify --enable-libmpx --enable-plugin --with-system-zlib --disable-browser-plugin --enable-java-awt=gtk --enable-gtk-cairo --with-java-home=/usr/lib/jvm/java-1.5.0-gcj-5-amd64/jre --enable-java-home --with-jvm-root-dir=/usr/lib/jvm/java-1.5.0-gcj-5-amd64 --with-jvm-jar-dir=/usr/lib/jvm-exports/java-1.5.0-gcj-5-amd64 --with-arch-directory=amd64 --with-ecj-jar=/usr/share/java/eclipse-ecj.jar --enable-objc-gc --enable-multiarch --disable-werror --with-arch-32=i686 --with-abi=m64 --with-multilib-list=m32,m64,mx32 --enable-multilib --with-tune=generic --enable-checking=release --build=x86_64-linux-gnu --host=x86_64-linux-gnu --target=x86_64-linux-gnu
Thread model: posix
gcc version 5.4.0 20160609 (Ubuntu 5.4.0-6ubuntu1~16.04.4) 
configure:3471: $? = 0
configure:3460: gcc -V >&5
gcc: error: unrecognized command line option '-V'
gcc: fatal error: no input files
compilation terminated.
configure:3471: $? = 1
configure:3460: gcc -qversion >&5
gcc: error: unrecognized command line option '-qversion'
gcc: fatal error: no input files
compilation terminated.
configure:3471: $? = 1
configure:3491: checking whether the C compiler works
configure:3513: gcc    conftest.c  >&5
configure:3517: $? = 0
configure:3565: result: yes
configure:3568: checking for C compiler default output file name
configure:3570: result: a.out
configure:3576: checking for suffix of executables
configure:3583: gcc -o conftest    conftest.c  >&5
configure:3587: $? = 0
configure:3609: result: 
configure:3631: checking whether we are cross compiling
configure:3639: gcc -o conftest    conftest.c  >&5
configure:3643: $? = 0
configure:3650: ./conftest
configure:3654: $? = 0
configure:3669: result: no
configure:3674: checking for suffix of object files
configure:3696: gcc -c   conftest.c >&5
configure:3700: $? = 0
configure:3721: result: o
configure:3725: checking whether we are using the GNU C compiler
configure:3744: gcc -c   conftest.c >&5
configure:3744: $? = 0
configure:3753: result: yes
configure:3762: checking whether gcc accepts -g
configure:3782: gcc -c -g  conftest.c >&5
configure:3782: $? = 0
configure:3823: result: yes
configure:3840: checking for gcc option to accept ISO C89
configure:3903: gcc  -c -g -O2  conftest.c >&5
configure:3903: $? = 0
configure:3916: result: none needed
configure:3941: checking whether gcc understands -c and -o together
configure:3963: gcc -c conftest.c -o conftest2.o
configure:3966: $? = 0
configure:3963: gcc -c conftest.c -o conftest2.o
configure:3966: $? = 0
configure:3978: result: yes
configure:4006: checking for style of include used by make
configure:4034: result: GNU
configure:4060: checking dependency style of gcc
configure:4171: result: gcc3
configure:4244: checking for g++
configure:4260: found /usr/bin/g++
configure:4271: result: g++
configure:4298: checking for C++ compiler version
configure:4307: g++ --version >&5
g++ (Ubuntu 5.4.0-6ubuntu1~16.04.4) 5.4.0 20160609
Copyright (C) 2015 Free Software Foundation, Inc.
This is free software; see the source for copying conditions.  There is NO
warranty; not even for MERCHANTABILITY or FITNESS FOR A PARTICULAR PURPOSE.

configure:4318: $? = 0
configure:4307: g++ -v >&5
Using built-in specs.
COLLECT_GCC=g++
COLLECT_LTO_WRAPPER=/usr/lib/gcc/x86_64-linux-gnu/5/lto-wrapper
Target: x86_64-linux-gnu
Configured with: ../src/configure -v --with-pkgversion='Ubuntu 5.4.0-6ubuntu1~16.04.4' --with-bugurl=file:///usr/share/doc/gcc-5/README.Bugs --enable-languages=c,ada,c++,java,go,d,fortran,objc,obj-c++ --prefix=/usr --program-suffix=-5 --enable-shared --enable-linker-build-id --libexecdir=/usr/lib --without-included-gettext --enable-threads=posix --libdir=/usr/lib --enable-nls --with-sysroot=/ --enable-clocale=gnu --enable-libstdcxx-debug --enable-libstdcxx-time=yes --with-default-libstdcxx-abi=new --enable-gnu-unique-object --disable-vtable-verify --enable-libmpx --enable-plugin --with-system-zlib --disable-browser-plugin --enable-java-awt=gtk --enable-gtk-cairo --with-java-home=/usr/lib/jvm/java-1.5.0-gcj-5-amd64/jre --enable-java-home --with-jvm-root-dir=/usr/lib/jvm/java-1.5.0-gcj-5-amd64 --with-jvm-jar-dir=/usr/lib/jvm-exports/java-1.5.0-gcj-5-amd64 --with-arch-directory=amd64 --with-ecj-jar=/usr/share/java/eclipse-ecj.jar --enable-objc-gc --enable-multiarch --disable-werror --with-arch-32=i686 --with-abi=m64 --with-multilib-list=m32,m64,mx32 --enable-multilib --with-tune=generic --enable-checking=release --build=x86_64-linux-gnu --host=x86_64-linux-gnu --target=x86_64-linux-gnu
Thread model: posix
gcc version 5.4.0 20160609 (Ubuntu 5.4.0-6ubuntu1~16.04.4) 
configure:4318: $? = 0
configure:4307: g++ -V >&5
g++: error: unrecognized command line option '-V'
g++: fatal error: no input files
compilation terminated.
configure:4318: $? = 1
configure:4307: g++ -qversion >&5
g++: error: unrecognized command line option '-qversion'
g++: fatal error: no input files
compilation terminated.
configure:4318: $? = 1
configure:4322: checking whether we are using the GNU C++ compiler
configure:4341: g++ -c   conftest.cpp >&5
configure:4341: $? = 0
configure:4350: result: yes
configure:4359: checking whether g++ accepts -g
configure:4379: g++ -c -g  conftest.cpp >&5
configure:4379: $? = 0
configure:4420: result: yes
configure:4445: checking dependency style of g++
configure:4556: result: gcc3
configure:4577: checking how to run the C preprocessor
configure:4608: gcc -E  conftest.c
configure:4608: $? = 0
configure:4622: gcc -E  conftest.c
conftest.c:9:28: fatal error: ac_nonexistent.h: No such file or directory
compilation terminated.
configure:4622: $? = 1
configure: failed program was:
| /* confdefs.h */
| #define PACKAGE_NAME "SphinxTrain"
| #define PACKAGE_TARNAME "sphinxtrain"
| #define PACKAGE_VERSION "5prealpha"
| #define PACKAGE_STRING "SphinxTrain 5prealpha"
| #define PACKAGE_BUGREPORT ""
| #define PACKAGE_URL ""
| /* end confdefs.h.  */
| #include <ac_nonexistent.h>
configure:4647: result: gcc -E
configure:4667: gcc -E  conftest.c
configure:4667: $? = 0
configure:4681: gcc -E  conftest.c
conftest.c:9:28: fatal error: ac_nonexistent.h: No such file or directory
compilation terminated.
configure:4681: $? = 1
configure: failed program was:
| /* confdefs.h */
| #define PACKAGE_NAME "SphinxTrain"
| #define PACKAGE_TARNAME "sphinxtrain"
| #define PACKAGE_VERSION "5prealpha"
| #define PACKAGE_STRING "SphinxTrain 5prealpha"
| #define PACKAGE_BUGREPORT ""
| #define PACKAGE_URL ""
| /* end confdefs.h.  */
| #include <ac_nonexistent.h>
configure:4710: checking for grep that handles long lines and -e
configure:4768: result: /bin/grep
configure:4773: checking for egrep
configure:4835: result: /bin/grep -E
configure:4840: checking for ANSI C header files
configure:4860: gcc -c -g -O2  conftest.c >&5
configure:4860: $? = 0
configure:4933: gcc -o conftest -g -O2   conftest.c  >&5
configure:4933: $? = 0
configure:4933: ./conftest
configure:4933: $? = 0
configure:4944: result: yes
configure:4957: checking for sys/types.h
configure:4957: gcc -c -g -O2  conftest.c >&5
configure:4957: $? = 0
configure:4957: result: yes
configure:4957: checking for sys/stat.h
configure:4957: gcc -c -g -O2  conftest.c >&5
configure:4957: $? = 0
configure:4957: result: yes
configure:4957: checking for stdlib.h
configure:4957: gcc -c -g -O2  conftest.c >&5
configure:4957: $? = 0
configure:4957: result: yes
configure:4957: checking for string.h
configure:4957: gcc -c -g -O2  conftest.c >&5
configure:4957: $? = 0
configure:4957: result: yes
configure:4957: checking for memory.h
configure:4957: gcc -c -g -O2  conftest.c >&5
configure:4957: $? = 0
configure:4957: result: yes
configure:4957: checking for strings.h
configure:4957: gcc -c -g -O2  conftest.c >&5
configure:4957: $? = 0
configure:4957: result: yes
configure:4957: checking for inttypes.h
configure:4957: gcc -c -g -O2  conftest.c >&5
configure:4957: $? = 0
configure:4957: result: yes
configure:4957: checking for stdint.h
configure:4957: gcc -c -g -O2  conftest.c >&5
configure:4957: $? = 0
configure:4957: result: yes
configure:4957: checking for unistd.h
configure:4957: gcc -c -g -O2  conftest.c >&5
configure:4957: $? = 0
configure:4957: result: yes
configure:4969: checking whether byte ordering is bigendian
configure:4984: gcc -c -g -O2  conftest.c >&5
conftest.c:20:9: error: unknown type name 'not'
         not a universal capable compiler
         ^
conftest.c:20:15: error: expected '=', ',', ';', 'asm' or '__attribute__' before 'universal'
         not a universal capable compiler
               ^
conftest.c:20:15: error: unknown type name 'universal'
configure:4984: $? = 1
configure: failed program was:
| /* confdefs.h */
| #define PACKAGE_NAME "SphinxTrain"
| #define PACKAGE_TARNAME "sphinxtrain"
| #define PACKAGE_VERSION "5prealpha"
| #define PACKAGE_STRING "SphinxTrain 5prealpha"
| #define PACKAGE_BUGREPORT ""
| #define PACKAGE_URL ""
| #define STDC_HEADERS 1
| #define HAVE_SYS_TYPES_H 1
| #define HAVE_SYS_STAT_H 1
| #define HAVE_STDLIB_H 1
| #define HAVE_STRING_H 1
| #define HAVE_MEMORY_H 1
| #define HAVE_STRINGS_H 1
| #define HAVE_INTTYPES_H 1
| #define HAVE_STDINT_H 1
| #define HAVE_UNISTD_H 1
| /* end confdefs.h.  */
| #ifndef __APPLE_CC__
| 	       not a universal capable compiler
| 	     #endif
| 	     typedef int dummy;
| 
configure:5029: gcc -c -g -O2  conftest.c >&5
configure:5029: $? = 0
configure:5047: gcc -c -g -O2  conftest.c >&5
conftest.c: In function 'main':
conftest.c:26:4: error: unknown type name 'not'
    not big endian
    ^
conftest.c:26:12: error: expected '=', ',', ';', 'asm' or '__attribute__' before 'endian'
    not big endian
            ^
configure:5047: $? = 1
configure: failed program was:
| /* confdefs.h */
| #define PACKAGE_NAME "SphinxTrain"
| #define PACKAGE_TARNAME "sphinxtrain"
| #define PACKAGE_VERSION "5prealpha"
| #define PACKAGE_STRING "SphinxTrain 5prealpha"
| #define PACKAGE_BUGREPORT ""
| #define PACKAGE_URL ""
| #define STDC_HEADERS 1
| #define HAVE_SYS_TYPES_H 1
| #define HAVE_SYS_STAT_H 1
| #define HAVE_STDLIB_H 1
| #define HAVE_STRING_H 1
| #define HAVE_MEMORY_H 1
| #define HAVE_STRINGS_H 1
| #define HAVE_INTTYPES_H 1
| #define HAVE_STDINT_H 1
| #define HAVE_UNISTD_H 1
| /* end confdefs.h.  */
| #include <sys/types.h>
| 		#include <sys/param.h>
| 
| int
| main ()
| {
| #if BYTE_ORDER != BIG_ENDIAN
| 		 not big endian
| 		#endif
| 
|   ;
|   return 0;
| }
configure:5175: result: no
configure:5240: checking how to print strings
configure:5267: result: printf
configure:5288: checking for a sed that does not truncate output
configure:5352: result: /bin/sed
configure:5370: checking for fgrep
configure:5432: result: /bin/grep -F
configure:5467: checking for ld used by gcc
configure:5534: result: /usr/bin/ld
configure:5541: checking if the linker (/usr/bin/ld) is GNU ld
configure:5556: result: yes
configure:5568: checking for BSD- or MS-compatible name lister (nm)
configure:5622: result: /usr/bin/nm -B
configure:5752: checking the name lister (/usr/bin/nm -B) interface
configure:5759: gcc -c -g -O2  conftest.c >&5
configure:5762: /usr/bin/nm -B "conftest.o"
configure:5765: output
0000000000000000 B some_variable
configure:5772: result: BSD nm
configure:5775: checking whether ln -s works
configure:5779: result: yes
configure:5787: checking the maximum length of command line arguments
configure:5918: result: 1572864
configure:5966: checking how to convert x86_64-unknown-linux-gnu file names to x86_64-unknown-linux-gnu format
configure:6006: result: func_convert_file_noop
configure:6013: checking how to convert x86_64-unknown-linux-gnu file names to toolchain format
configure:6033: result: func_convert_file_noop
configure:6040: checking for /usr/bin/ld option to reload object files
configure:6047: result: -r
configure:6121: checking for objdump
configure:6137: found /usr/bin/objdump
configure:6148: result: objdump
configure:6180: checking how to recognize dependent libraries
configure:6380: result: pass_all
configure:6465: checking for dlltool
configure:6495: result: no
configure:6525: checking how to associate runtime and link libraries
configure:6552: result: printf %s\n
configure:6612: checking for ar
configure:6628: found /usr/bin/ar
configure:6639: result: ar
configure:6676: checking for archiver @FILE support
configure:6693: gcc -c -g -O2  conftest.c >&5
configure:6693: $? = 0
configure:6696: ar cru libconftest.a @conftest.lst >&5
ar: `u' modifier ignored since `D' is the default (see `U')
configure:6699: $? = 0
configure:6704: ar cru libconftest.a @conftest.lst >&5
ar: `u' modifier ignored since `D' is the default (see `U')
ar: conftest.o: No such file or directory
configure:6707: $? = 1
configure:6719: result: @
configure:6777: checking for strip
configure:6793: found /usr/bin/strip
configure:6804: result: strip
configure:6876: checking for ranlib
configure:6892: found /usr/bin/ranlib
configure:6903: result: ranlib
configure:7005: checking command to parse /usr/bin/nm -B output from gcc object
configure:7158: gcc -c -g -O2  conftest.c >&5
configure:7161: $? = 0
configure:7165: /usr/bin/nm -B conftest.o \| sed -n -e 's/^.*[ ]\([ABCDGIRSTW][ABCDGIRSTW]*\)[ ][ ]*\([_A-Za-z][_A-Za-z0-9]*\)$/\1 \2 \2/p' | sed '/ __gnu_lto/d' \> conftest.nm
configure:7168: $? = 0
configure:7234: gcc -o conftest -g -O2   conftest.c conftstm.o >&5
configure:7237: $? = 0
configure:7275: result: ok
configure:7322: checking for sysroot
configure:7352: result: no
configure:7359: checking for a working dd
configure:7397: result: /bin/dd
configure:7401: checking how to truncate binary pipes
configure:7416: result: /bin/dd bs=4096 count=1
configure:7552: gcc -c -g -O2  conftest.c >&5
configure:7555: $? = 0
configure:7745: checking for mt
configure:7761: found /bin/mt
configure:7772: result: mt
configure:7795: checking if mt is a manifest tool
configure:7801: mt '-?'
configure:7809: result: no
configure:8483: checking for dlfcn.h
configure:8483: gcc -c -g -O2  conftest.c >&5
configure:8483: $? = 0
configure:8483: result: yes
configure:8750: checking for objdir
configure:8765: result: .libs
configure:9029: checking if gcc supports -fno-rtti -fno-exceptions
configure:9047: gcc -c -g -O2  -fno-rtti -fno-exceptions conftest.c >&5
cc1: warning: command line option '-fno-rtti' is valid for C++/ObjC++ but not for C
configure:9051: $? = 0
configure:9064: result: no
configure:9422: checking for gcc option to produce PIC
configure:9429: result: -fPIC -DPIC
configure:9437: checking if gcc PIC flag -fPIC -DPIC works
configure:9455: gcc -c -g -O2  -fPIC -DPIC -DPIC conftest.c >&5
configure:9459: $? = 0
configure:9472: result: yes
configure:9501: checking if gcc static flag -static works
configure:9529: result: yes
configure:9544: checking if gcc supports -c -o file.o
configure:9565: gcc -c -g -O2  -o out/conftest2.o conftest.c >&5
configure:9569: $? = 0
configure:9591: result: yes
configure:9599: checking if gcc supports -c -o file.o
configure:9646: result: yes
configure:9679: checking whether the gcc linker (/usr/bin/ld -m elf_x86_64) supports shared libraries
configure:10942: result: yes
configure:10979: checking whether -lc should be explicitly linked in
configure:10987: gcc -c -g -O2  conftest.c >&5
configure:10990: $? = 0
configure:11005: gcc -shared  -fPIC -DPIC conftest.o  -v -Wl,-soname -Wl,conftest -o conftest 2\>\&1 \| /bin/grep  -lc  \>/dev/null 2\>\&1
configure:11008: $? = 0
configure:11022: result: no
configure:11182: checking dynamic linker characteristics
configure:11763: gcc -o conftest -g -O2   -Wl,-rpath -Wl,/foo conftest.c  >&5
configure:11763: $? = 0
configure:12012: result: GNU/Linux ld.so
configure:12134: checking how to hardcode library paths into programs
configure:12159: result: immediate
configure:12707: checking whether stripping libraries is possible
configure:12712: result: yes
configure:12747: checking if libtool supports shared libraries
configure:12749: result: yes
configure:12752: checking whether to build shared libraries
configure:12777: result: yes
configure:12780: checking whether to build static libraries
configure:12784: result: yes
configure:12807: checking how to run the C++ preprocessor
configure:12834: g++ -E  conftest.cpp
configure:12834: $? = 0
configure:12848: g++ -E  conftest.cpp
conftest.cpp:21:28: fatal error: ac_nonexistent.h: No such file or directory
compilation terminated.
configure:12848: $? = 1
configure: failed program was:
| /* confdefs.h */
| #define PACKAGE_NAME "SphinxTrain"
| #define PACKAGE_TARNAME "sphinxtrain"
| #define PACKAGE_VERSION "5prealpha"
| #define PACKAGE_STRING "SphinxTrain 5prealpha"
| #define PACKAGE_BUGREPORT ""
| #define PACKAGE_URL ""
| #define STDC_HEADERS 1
| #define HAVE_SYS_TYPES_H 1
| #define HAVE_SYS_STAT_H 1
| #define HAVE_STDLIB_H 1
| #define HAVE_STRING_H 1
| #define HAVE_MEMORY_H 1
| #define HAVE_STRINGS_H 1
| #define HAVE_INTTYPES_H 1
| #define HAVE_STDINT_H 1
| #define HAVE_UNISTD_H 1
| #define HAVE_DLFCN_H 1
| #define LT_OBJDIR ".libs/"
| /* end confdefs.h.  */
| #include <ac_nonexistent.h>
configure:12873: result: g++ -E
configure:12893: g++ -E  conftest.cpp
configure:12893: $? = 0
configure:12907: g++ -E  conftest.cpp
conftest.cpp:21:28: fatal error: ac_nonexistent.h: No such file or directory
compilation terminated.
configure:12907: $? = 1
configure: failed program was:
| /* confdefs.h */
| #define PACKAGE_NAME "SphinxTrain"
| #define PACKAGE_TARNAME "sphinxtrain"
| #define PACKAGE_VERSION "5prealpha"
| #define PACKAGE_STRING "SphinxTrain 5prealpha"
| #define PACKAGE_BUGREPORT ""
| #define PACKAGE_URL ""
| #define STDC_HEADERS 1
| #define HAVE_SYS_TYPES_H 1
| #define HAVE_SYS_STAT_H 1
| #define HAVE_STDLIB_H 1
| #define HAVE_STRING_H 1
| #define HAVE_MEMORY_H 1
| #define HAVE_STRINGS_H 1
| #define HAVE_INTTYPES_H 1
| #define HAVE_STDINT_H 1
| #define HAVE_UNISTD_H 1
| #define HAVE_DLFCN_H 1
| #define LT_OBJDIR ".libs/"
| /* end confdefs.h.  */
| #include <ac_nonexistent.h>
configure:13069: checking for ld used by g++
configure:13136: result: /usr/bin/ld -m elf_x86_64
configure:13143: checking if the linker (/usr/bin/ld -m elf_x86_64) is GNU ld
configure:13158: result: yes
configure:13213: checking whether the g++ linker (/usr/bin/ld -m elf_x86_64) supports shared libraries
configure:14286: result: yes
configure:14322: g++ -c -g -O2  conftest.cpp >&5
configure:14325: $? = 0
configure:14806: checking for g++ option to produce PIC
configure:14813: result: -fPIC -DPIC
configure:14821: checking if g++ PIC flag -fPIC -DPIC works
configure:14839: g++ -c -g -O2  -fPIC -DPIC -DPIC conftest.cpp >&5
configure:14843: $? = 0
configure:14856: result: yes
configure:14879: checking if g++ static flag -static works
configure:14907: result: yes
configure:14919: checking if g++ supports -c -o file.o
configure:14940: g++ -c -g -O2  -o out/conftest2.o conftest.cpp >&5
configure:14944: $? = 0
configure:14966: result: yes
configure:14971: checking if g++ supports -c -o file.o
configure:15018: result: yes
configure:15048: checking whether the g++ linker (/usr/bin/ld -m elf_x86_64) supports shared libraries
configure:15091: result: yes
configure:15232: checking dynamic linker characteristics
configure:15989: result: GNU/Linux ld.so
configure:16054: checking how to hardcode library paths into programs
configure:16079: result: immediate
configure:16141: checking for log in -lm
configure:16166: gcc -o conftest -g -O2   conftest.c -lm   >&5
conftest.c:28:6: warning: conflicting types for built-in function 'log'
 char log ();
      ^
configure:16166: $? = 0
configure:16175: result: yes
configure:16186: checking for d_log in -lg2c
configure:16211: gcc -o conftest -g -O2   conftest.c -lg2c  -lm  >&5
/usr/bin/ld: cannot find -lg2c
collect2: error: ld returned 1 exit status
configure:16211: $? = 1
configure: failed program was:
| /* confdefs.h */
| #define PACKAGE_NAME "SphinxTrain"
| #define PACKAGE_TARNAME "sphinxtrain"
| #define PACKAGE_VERSION "5prealpha"
| #define PACKAGE_STRING "SphinxTrain 5prealpha"
| #define PACKAGE_BUGREPORT ""
| #define PACKAGE_URL ""
| #define STDC_HEADERS 1
| #define HAVE_SYS_TYPES_H 1
| #define HAVE_SYS_STAT_H 1
| #define HAVE_STDLIB_H 1
| #define HAVE_STRING_H 1
| #define HAVE_MEMORY_H 1
| #define HAVE_STRINGS_H 1
| #define HAVE_INTTYPES_H 1
| #define HAVE_STDINT_H 1
| #define HAVE_UNISTD_H 1
| #define HAVE_DLFCN_H 1
| #define LT_OBJDIR ".libs/"
| #define HAVE_LIBM 1
| /* end confdefs.h.  */
| 
| /* Override any GCC internal prototype to avoid an error.
|    Use char because int might match the return type of a GCC
|    builtin and then its argument prototype would still apply.  */
| #ifdef __cplusplus
| extern "C"
| #endif
| char d_log ();
| int
| main ()
| {
| return d_log ();
|   ;
|   return 0;
| }
configure:16220: result: no
configure:16236: checking for perl5
configure:16269: result: no
configure:16236: checking for perl
configure:16254: found /usr/bin/perl
configure:16266: result: /usr/bin/perl
configure:16326: checking for sphinxbase in /home/ubuntu/SITE_WEB/app/tutorial/sphinxtrain-5prealpha/../sphinxbase
configure:16334: result: no
configure:16326: checking for sphinxbase in /home/ubuntu/SITE_WEB/app/tutorial/sphinxtrain-5prealpha/../sphinxbase-5prealpha
configure:16330: result: yes
configure:16577: checking for /home/ubuntu/SITE_WEB/app/tutorial/sphinxtrain-5prealpha/../sphinxbase-5prealpha/include/sphinxbase/prim_type.h
configure:16591: result: yes
configure:16605: checking for /home/ubuntu/SITE_WEB/app/tutorial/sphinxtrain-5prealpha/../sphinxbase-5prealpha/src/libsphinxbase/libsphinxbase.la
configure:16619: result: yes
configure:16822: checking that generated files are newer than configure
configure:16828: result: done
configure:16860: creating ./config.status

## ---------------------- ##
## Running config.status. ##
## ---------------------- ##

This file was extended by SphinxTrain config.status 5prealpha, which was
generated by GNU Autoconf 2.69.  Invocation command line was

  CONFIG_FILES    = 
  CONFIG_HEADERS  = 
  CONFIG_LINKS    = 
  CONFIG_COMMANDS = 
  $ ./config.status 

on ip-172-31-67-186

config.status:1201: creating Makefile
config.status:1201: creating etc/Makefile
config.status:1201: creating include/Makefile
config.status:1201: creating python/Makefile
config.status:1201: creating scripts/Makefile
config.status:1201: creating src/Makefile
config.status:1201: creating src/programs/Makefile
config.status:1201: creating src/libs/Makefile
config.status:1201: creating src/libs/libclust/Makefile
config.status:1201: creating src/libs/libcommon/Makefile
config.status:1201: creating src/libs/libio/Makefile
config.status:1201: creating src/libs/libmllr/Makefile
config.status:1201: creating src/libs/libmodinv/Makefile
config.status:1201: creating src/programs/agg_seg/Makefile
config.status:1201: creating src/programs/bldtree/Makefile
config.status:1201: creating src/programs/bw/Makefile
config.status:1201: creating src/programs/cdcn_norm/Makefile
config.status:1201: creating src/programs/cdcn_train/Makefile
config.status:1201: creating src/programs/cp_parm/Makefile
config.status:1201: creating src/programs/delint/Makefile
config.status:1201: creating src/programs/inc_comp/Makefile
config.status:1201: creating src/programs/init_gau/Makefile
config.status:1201: creating src/programs/init_mixw/Makefile
config.status:1201: creating src/programs/g2p_eval/Makefile
config.status:1201: creating src/programs/g2p_train/Makefile
config.status:1201: creating src/programs/kdtree/Makefile
config.status:1201: creating src/programs/kmeans_init/Makefile
config.status:1201: creating src/programs/make_quests/Makefile
config.status:1201: creating src/programs/map_adapt/Makefile
config.status:1201: creating src/programs/mixw_interp/Makefile
config.status:1201: creating src/programs/mk_flat/Makefile
config.status:1201: creating src/programs/mk_mdef_gen/Makefile
config.status:1201: creating src/programs/mk_mllr_class/Makefile
config.status:1201: creating src/programs/mk_s2sendump/Makefile
config.status:1201: creating src/programs/mk_ts2cb/Makefile
config.status:1201: creating src/programs/mllr_solve/Makefile
config.status:1201: creating src/programs/mllr_transform/Makefile
config.status:1201: creating src/programs/norm/Makefile
config.status:1201: creating src/programs/param_cnt/Makefile
config.status:1201: creating src/programs/printp/Makefile
config.status:1201: creating src/programs/prunetree/Makefile
config.status:1201: creating src/programs/tiestate/Makefile
config.status:1201: creating test/Makefile
config.status:1201: creating include/config.h
config.status:1382: include/config.h is unchanged
config.status:1430: executing depfiles commands
config.status:1430: executing libtool commands

## ---------------- ##
## Cache variables. ##
## ---------------- ##

ac_cv_build=x86_64-unknown-linux-gnu
ac_cv_c_bigendian=no
ac_cv_c_compiler_gnu=yes
ac_cv_cxx_compiler_gnu=yes
ac_cv_env_CCC_set=
ac_cv_env_CCC_value=
ac_cv_env_CC_set=
ac_cv_env_CC_value=
ac_cv_env_CFLAGS_set=
ac_cv_env_CFLAGS_value=
ac_cv_env_CPPFLAGS_set=
ac_cv_env_CPPFLAGS_value=
ac_cv_env_CPP_set=
ac_cv_env_CPP_value=
ac_cv_env_CXXCPP_set=
ac_cv_env_CXXCPP_value=
ac_cv_env_CXXFLAGS_set=
ac_cv_env_CXXFLAGS_value=
ac_cv_env_CXX_set=
ac_cv_env_CXX_value=
ac_cv_env_LDFLAGS_set=
ac_cv_env_LDFLAGS_value=
ac_cv_env_LIBS_set=
ac_cv_env_LIBS_value=
ac_cv_env_LT_SYS_LIBRARY_PATH_set=
ac_cv_env_LT_SYS_LIBRARY_PATH_value=
ac_cv_env_PKG_CONFIG_set=
ac_cv_env_PKG_CONFIG_value=
ac_cv_env_SphinxBase_CFLAGS_set=
ac_cv_env_SphinxBase_CFLAGS_value=
ac_cv_env_SphinxBase_LIBS_set=
ac_cv_env_SphinxBase_LIBS_value=
ac_cv_env_build_alias_set=
ac_cv_env_build_alias_value=
ac_cv_env_host_alias_set=
ac_cv_env_host_alias_value=
ac_cv_env_target_alias_set=
ac_cv_env_target_alias_value=
ac_cv_file__home_ubuntu_SITE_WEB_app_tutorial_sphinxtrain_5prealpha____sphinxbase_5prealpha_include_sphinxbase_prim_type_h=yes
ac_cv_file__home_ubuntu_SITE_WEB_app_tutorial_sphinxtrain_5prealpha____sphinxbase_5prealpha_src_libsphinxbase_libsphinxbase_la=yes
ac_cv_header_dlfcn_h=yes
ac_cv_header_inttypes_h=yes
ac_cv_header_memory_h=yes
ac_cv_header_stdc=yes
ac_cv_header_stdint_h=yes
ac_cv_header_stdlib_h=yes
ac_cv_header_string_h=yes
ac_cv_header_strings_h=yes
ac_cv_header_sys_stat_h=yes
ac_cv_header_sys_types_h=yes
ac_cv_header_unistd_h=yes
ac_cv_host=x86_64-unknown-linux-gnu
ac_cv_lib_g2c_d_log=no
ac_cv_lib_m_log=yes
ac_cv_objext=o
ac_cv_path_EGREP='/bin/grep -E'
ac_cv_path_FGREP='/bin/grep -F'
ac_cv_path_GREP=/bin/grep
ac_cv_path_PERL=/usr/bin/perl
ac_cv_path_SED=/bin/sed
ac_cv_path_install='/usr/bin/install -c'
ac_cv_path_lt_DD=/bin/dd
ac_cv_path_mkdir=/bin/mkdir
ac_cv_prog_AWK=gawk
ac_cv_prog_CPP='gcc -E'
ac_cv_prog_CXXCPP='g++ -E'
ac_cv_prog_ac_ct_AR=ar
ac_cv_prog_ac_ct_CC=gcc
ac_cv_prog_ac_ct_CXX=g++
ac_cv_prog_ac_ct_MANIFEST_TOOL=mt
ac_cv_prog_ac_ct_OBJDUMP=objdump
ac_cv_prog_ac_ct_RANLIB=ranlib
ac_cv_prog_ac_ct_STRIP=strip
ac_cv_prog_cc_c89=
ac_cv_prog_cc_g=yes
ac_cv_prog_cxx_g=yes
ac_cv_prog_make_make_set=yes
am_cv_CC_dependencies_compiler_type=gcc3
am_cv_CXX_dependencies_compiler_type=gcc3
am_cv_make_support_nested_variables=yes
am_cv_prog_cc_c_o=yes
lt_cv_ar_at_file=@
lt_cv_archive_cmds_need_lc=no
lt_cv_deplibs_check_method=pass_all
lt_cv_file_magic_cmd='$MAGIC_CMD'
lt_cv_file_magic_test_file=
lt_cv_ld_reload_flag=-r
lt_cv_nm_interface='BSD nm'
lt_cv_objdir=.libs
lt_cv_path_LD=/usr/bin/ld
lt_cv_path_LDCXX='/usr/bin/ld -m elf_x86_64'
lt_cv_path_NM='/usr/bin/nm -B'
lt_cv_path_mainfest_tool=no
lt_cv_prog_compiler_c_o=yes
lt_cv_prog_compiler_c_o_CXX=yes
lt_cv_prog_compiler_pic='-fPIC -DPIC'
lt_cv_prog_compiler_pic_CXX='-fPIC -DPIC'
lt_cv_prog_compiler_pic_works=yes
lt_cv_prog_compiler_pic_works_CXX=yes
lt_cv_prog_compiler_rtti_exceptions=no
lt_cv_prog_compiler_static_works=yes
lt_cv_prog_compiler_static_works_CXX=yes
lt_cv_prog_gnu_ld=yes
lt_cv_prog_gnu_ldcxx=yes
lt_cv_sharedlib_from_linklib_cmd='printf %s\n'
lt_cv_shlibpath_overrides_runpath=no
lt_cv_sys_global_symbol_pipe='sed -n -e '\''s/^.*[	 ]\([ABCDGIRSTW][ABCDGIRSTW]*\)[	 ][	 ]*\([_A-Za-z][_A-Za-z0-9]*\)$/\1 \2 \2/p'\'' | sed '\''/ __gnu_lto/d'\'''
lt_cv_sys_global_symbol_to_c_name_address='sed -n -e '\''s/^: \(.*\) .*$/  {"\1", (void *) 0},/p'\'' -e '\''s/^[ABCDGIRSTW][ABCDGIRSTW]* .* \(.*\)$/  {"\1", (void *) \&\1},/p'\'''
lt_cv_sys_global_symbol_to_c_name_address_lib_prefix='sed -n -e '\''s/^: \(.*\) .*$/  {"\1", (void *) 0},/p'\'' -e '\''s/^[ABCDGIRSTW][ABCDGIRSTW]* .* \(lib.*\)$/  {"\1", (void *) \&\1},/p'\'' -e '\''s/^[ABCDGIRSTW][ABCDGIRSTW]* .* \(.*\)$/  {"lib\1", (void *) \&\1},/p'\'''
lt_cv_sys_global_symbol_to_cdecl='sed -n -e '\''s/^T .* \(.*\)$/extern int \1();/p'\'' -e '\''s/^[ABCDGIRSTW][ABCDGIRSTW]* .* \(.*\)$/extern char \1;/p'\'''
lt_cv_sys_global_symbol_to_import=
lt_cv_sys_max_cmd_len=1572864
lt_cv_to_host_file_cmd=func_convert_file_noop
lt_cv_to_tool_file_cmd=func_convert_file_noop
lt_cv_truncate_bin='/bin/dd bs=4096 count=1'

## ----------------- ##
## Output variables. ##
## ----------------- ##

ACLOCAL='${SHELL} /home/ubuntu/SITE_WEB/app/tutorial/sphinxtrain-5prealpha/missing aclocal-1.15'
AMDEPBACKSLASH='\'
AMDEP_FALSE='#'
AMDEP_TRUE=''
AMTAR='$${TAR-tar}'
AM_BACKSLASH='\'
AM_DEFAULT_V='$(AM_DEFAULT_VERBOSITY)'
AM_DEFAULT_VERBOSITY='1'
AM_V='$(V)'
AR='ar'
AUTOCONF='${SHELL} /home/ubuntu/SITE_WEB/app/tutorial/sphinxtrain-5prealpha/missing autoconf'
AUTOHEADER='${SHELL} /home/ubuntu/SITE_WEB/app/tutorial/sphinxtrain-5prealpha/missing autoheader'
AUTOMAKE='${SHELL} /home/ubuntu/SITE_WEB/app/tutorial/sphinxtrain-5prealpha/missing automake-1.15'
AWK='gawk'
CC='gcc'
CCDEPMODE='depmode=gcc3'
CFLAGS='-g -O2 -fPIC -DPIC'
CPP='gcc -E'
CPPFLAGS='-I/home/ubuntu/SITE_WEB/app/tutorial/sphinxtrain-5prealpha/../sphinxbase-5prealpha/include -I/home/ubuntu/SITE_WEB/app/tutorial/sphinxtrain-5prealpha/../sphinxbase-5prealpha/include '
CXX='g++'
CXXCPP='g++ -E'
CXXDEPMODE='depmode=gcc3'
CXXFLAGS='-g -O2'
CYGPATH_W='echo'
DEFS='-DHAVE_CONFIG_H'
DEPDIR='.deps'
DLLTOOL='false'
DSYMUTIL=''
DUMPBIN=''
ECHO_C=''
ECHO_N='-n'
ECHO_T=''
EGREP='/bin/grep -E'
EXEEXT=''
FGREP='/bin/grep -F'
G2P_DECODER_FALSE=''
G2P_DECODER_TRUE='#'
GREP='/bin/grep'
INSTALL_DATA='${INSTALL} -m 644'
INSTALL_PROGRAM='${INSTALL}'
INSTALL_SCRIPT='${INSTALL}'
INSTALL_STRIP_PROGRAM='$(install_sh) -c -s'
LD='/usr/bin/ld -m elf_x86_64'
LDFLAGS=' -L/home/ubuntu/SITE_WEB/app/tutorial/sphinxtrain-5prealpha/../sphinxbase-5prealpha/src/libsphinxad 		  -L/home/ubuntu/SITE_WEB/app/tutorial/sphinxtrain-5prealpha/../sphinxbase-5prealpha/src/libsphinxbase 		  -L/home/ubuntu/SITE_WEB/app/tutorial/sphinxtrain-5prealpha/../sphinxbase-5prealpha/src/libsphinxbase/.libs'
LIBOBJS=''
LIBS='-lm  -lsphinxbase'
LIBTOOL='$(SHELL) $(top_builddir)/libtool'
LIPO=''
LN_S='ln -s'
LTLIBOBJS=''
LT_SYS_LIBRARY_PATH=''
MAKEINFO='${SHELL} /home/ubuntu/SITE_WEB/app/tutorial/sphinxtrain-5prealpha/missing makeinfo'
MANIFEST_TOOL=':'
MKDIR_P='/bin/mkdir -p'
NM='/usr/bin/nm -B'
NMEDIT=''
OBJDUMP='objdump'
OBJEXT='o'
OPENFST_CFLAGS=''
OPENFST_LIBS=''
OTOOL64=''
OTOOL=''
PACKAGE='sphinxtrain'
PACKAGE_BUGREPORT=''
PACKAGE_NAME='SphinxTrain'
PACKAGE_STRING='SphinxTrain 5prealpha'
PACKAGE_TARNAME='sphinxtrain'
PACKAGE_URL=''
PACKAGE_VERSION='5prealpha'
PATH_SEPARATOR=':'
PERL='/usr/bin/perl'
PKG_CONFIG=''
RANLIB='ranlib'
SED='/bin/sed'
SET_MAKE=''
SHELL='/bin/bash'
STRIP='strip'
SphinxBase_CFLAGS=''
SphinxBase_LIBS=''
VERSION='5prealpha'
ac_ct_AR='ar'
ac_ct_CC='gcc'
ac_ct_CXX='g++'
ac_ct_DUMPBIN=''
am__EXEEXT_FALSE=''
am__EXEEXT_TRUE='#'
am__fastdepCC_FALSE='#'
am__fastdepCC_TRUE=''
am__fastdepCXX_FALSE='#'
am__fastdepCXX_TRUE=''
am__include='include'
am__isrc=''
am__leading_dot='.'
am__nodep='_no'
am__quote=''
am__tar='$${TAR-tar} chof - "$$tardir"'
am__untar='$${TAR-tar} xf -'
bindir='${exec_prefix}/bin'
build='x86_64-unknown-linux-gnu'
build_alias=''
build_cpu='x86_64'
build_os='linux-gnu'
build_vendor='unknown'
datadir='${datarootdir}'
datarootdir='${prefix}/share'
docdir='${datarootdir}/doc/${PACKAGE_TARNAME}'
dvidir='${docdir}'
exec_prefix='${prefix}'
host='x86_64-unknown-linux-gnu'
host_alias=''
host_cpu='x86_64'
host_os='linux-gnu'
host_vendor='unknown'
htmldir='${docdir}'
includedir='${prefix}/include'
infodir='${datarootdir}/info'
install_sh='${SHELL} /home/ubuntu/SITE_WEB/app/tutorial/sphinxtrain-5prealpha/install-sh'
libdir='${exec_prefix}/lib'
libexecdir='${exec_prefix}/libexec'
localedir='${datarootdir}/locale'
localstatedir='${prefix}/var'
mandir='${datarootdir}/man'
mkdir_p='$(MKDIR_P)'
oldincludedir='/usr/include'
pdfdir='${docdir}'
prefix='/var/www/html/app/tutorial/sphinxtrain-5prealpha'
program_transform_name='s,x,x,'
psdir='${docdir}'
runstatedir='${localstatedir}/run'
sbindir='${exec_prefix}/sbin'
sharedstatedir='${prefix}/com'
sphinxbase='/home/ubuntu/SITE_WEB/app/tutorial/sphinxtrain-5prealpha/../sphinxbase-5prealpha'
sphinxbasebuild='/home/ubuntu/SITE_WEB/app/tutorial/sphinxtrain-5prealpha/../sphinxbase-5prealpha'
sysconfdir='${prefix}/etc'
target_alias=''

## ----------- ##
## confdefs.h. ##
## ----------- ##

/* confdefs.h */
#define PACKAGE_NAME "SphinxTrain"
#define PACKAGE_TARNAME "sphinxtrain"
#define PACKAGE_VERSION "5prealpha"
#define PACKAGE_STRING "SphinxTrain 5prealpha"
#define PACKAGE_BUGREPORT ""
#define PACKAGE_URL ""
#define STDC_HEADERS 1
#define HAVE_SYS_TYPES_H 1
#define HAVE_SYS_STAT_H 1
#define HAVE_STDLIB_H 1
#define HAVE_STRING_H 1
#define HAVE_MEMORY_H 1
#define HAVE_STRINGS_H 1
#define HAVE_INTTYPES_H 1
#define HAVE_STDINT_H 1
#define HAVE_UNISTD_H 1
#define HAVE_DLFCN_H 1
#define LT_OBJDIR ".libs/"
#define HAVE_LIBM 1

configure: exit 0
