This file contains any messages produced by compilers while
running configure, to aid debugging if configure makes a mistake.

It was created by SphinxTrain configure 5prealpha, which was
generated by GNU Autoconf 2.69.  Invocation command line was

  $ ./configure --prefix=/nfs/2017/a/aoudin/Projects/KIFT/SPHINX/sphinxtrain-5prealpha

## --------- ##
## Platform. ##
## --------- ##

hostname = e1z2r5p29.42.us.org
uname -m = x86_64
uname -r = 15.6.0
uname -s = Darwin
uname -v = Darwin Kernel Version 15.6.0: Thu Sep  1 15:01:16 PDT 2016; root:xnu-3248.60.11~2/RELEASE_X86_64

/usr/bin/uname -p = i386
/bin/uname -X     = unknown

/bin/arch              = unknown
/usr/bin/arch -k       = unknown
/usr/convex/getsysinfo = unknown
/usr/bin/hostinfo      = Mach kernel version:
	 Darwin Kernel Version 15.6.0: Thu Sep  1 15:01:16 PDT 2016; root:xnu-3248.60.11~2/RELEASE_X86_64
Kernel configured for up to 4 processors.
4 processors are physically available.
4 processors are logically available.
Processor type: x86_64h (Intel x86-64h Haswell)
Processors active: 0 1 2 3
Primary memory available: 8.00 gigabytes
Default processor set: 230 tasks, 1048 threads, 4 processors
Load average: 1.19, Mach factor: 2.80
/bin/machine           = unknown
/usr/bin/oslevel       = unknown
/bin/universe          = unknown

PATH: /Volumes/Storage/goinfre/aoudin/homebrew/bin
PATH: /usr/local/bin
PATH: /usr/bin
PATH: /bin
PATH: /usr/sbin
PATH: /sbin
PATH: /usr/local/munki


## ----------- ##
## Core tests. ##
## ----------- ##

configure:2507: checking for a BSD-compatible install
configure:2575: result: /usr/bin/install -c
configure:2586: checking whether build environment is sane
configure:2641: result: yes
configure:2792: checking for a thread-safe mkdir -p
configure:2831: result: ./install-sh -c -d
configure:2838: checking for gawk
configure:2868: result: no
configure:2838: checking for mawk
configure:2868: result: no
configure:2838: checking for nawk
configure:2868: result: no
configure:2838: checking for awk
configure:2854: found /usr/bin/awk
configure:2865: result: awk
configure:2876: checking whether make sets $(MAKE)
configure:2898: result: yes
configure:2927: checking whether make supports nested variables
configure:2944: result: yes
configure:3067: checking build system type
configure:3081: result: x86_64-apple-darwin15.6.0
configure:3101: checking host system type
configure:3114: result: x86_64-apple-darwin15.6.0
configure:3183: checking for gcc
configure:3199: found /usr/bin/gcc
configure:3210: result: gcc
configure:3439: checking for C compiler version
configure:3448: gcc --version >&5
Apple LLVM version 8.0.0 (clang-800.0.38)
Target: x86_64-apple-darwin15.6.0
Thread model: posix
InstalledDir: /Applications/Xcode.app/Contents/Developer/Toolchains/XcodeDefault.xctoolchain/usr/bin
Configured with: --prefix=/Applications/Xcode.app/Contents/Developer/usr --with-gxx-include-dir=/Applications/Xcode.app/Contents/Developer/Platforms/MacOSX.platform/Developer/SDKs/MacOSX10.12.sdk/usr/include/c++/4.2.1
configure:3459: $? = 0
configure:3448: gcc -v >&5
Configured with: --prefix=/Applications/Xcode.app/Contents/Developer/usr --with-gxx-include-dir=/Applications/Xcode.app/Contents/Developer/Platforms/MacOSX.platform/Developer/SDKs/MacOSX10.12.sdk/usr/include/c++/4.2.1
Apple LLVM version 8.0.0 (clang-800.0.38)
Target: x86_64-apple-darwin15.6.0
Thread model: posix
InstalledDir: /Applications/Xcode.app/Contents/Developer/Toolchains/XcodeDefault.xctoolchain/usr/bin
configure:3459: $? = 0
configure:3448: gcc -V >&5
clang: error: argument to '-V' is missing (expected 1 value)
clang: error: no input files
configure:3459: $? = 1
configure:3448: gcc -qversion >&5
clang: error: unknown argument: '-qversion'
clang: error: no input files
configure:3459: $? = 1
configure:3479: checking whether the C compiler works
configure:3501: gcc    conftest.c  >&5
configure:3505: $? = 0
configure:3553: result: yes
configure:3556: checking for C compiler default output file name
configure:3558: result: a.out
configure:3564: checking for suffix of executables
configure:3571: gcc -o conftest    conftest.c  >&5
configure:3575: $? = 0
configure:3597: result: 
configure:3619: checking whether we are cross compiling
configure:3627: gcc -o conftest    conftest.c  >&5
configure:3631: $? = 0
configure:3638: ./conftest
configure:3642: $? = 0
configure:3657: result: no
configure:3662: checking for suffix of object files
configure:3684: gcc -c   conftest.c >&5
configure:3688: $? = 0
configure:3709: result: o
configure:3713: checking whether we are using the GNU C compiler
configure:3732: gcc -c   conftest.c >&5
configure:3732: $? = 0
configure:3741: result: yes
configure:3750: checking whether gcc accepts -g
configure:3770: gcc -c -g  conftest.c >&5
configure:3770: $? = 0
configure:3811: result: yes
configure:3828: checking for gcc option to accept ISO C89
configure:3891: gcc  -c -g -O2  conftest.c >&5
configure:3891: $? = 0
configure:3904: result: none needed
configure:3929: checking whether gcc understands -c and -o together
configure:3951: gcc -c conftest.c -o conftest2.o
configure:3954: $? = 0
configure:3951: gcc -c conftest.c -o conftest2.o
configure:3954: $? = 0
configure:3966: result: yes
configure:3994: checking for style of include used by make
configure:4022: result: GNU
configure:4048: checking dependency style of gcc
configure:4159: result: gcc3
configure:4232: checking for g++
configure:4248: found /usr/bin/g++
configure:4259: result: g++
configure:4286: checking for C++ compiler version
configure:4295: g++ --version >&5
Apple LLVM version 8.0.0 (clang-800.0.38)
Target: x86_64-apple-darwin15.6.0
Thread model: posix
InstalledDir: /Applications/Xcode.app/Contents/Developer/Toolchains/XcodeDefault.xctoolchain/usr/bin
Configured with: --prefix=/Applications/Xcode.app/Contents/Developer/usr --with-gxx-include-dir=/Applications/Xcode.app/Contents/Developer/Platforms/MacOSX.platform/Developer/SDKs/MacOSX10.12.sdk/usr/include/c++/4.2.1
configure:4306: $? = 0
configure:4295: g++ -v >&5
Configured with: --prefix=/Applications/Xcode.app/Contents/Developer/usr --with-gxx-include-dir=/Applications/Xcode.app/Contents/Developer/Platforms/MacOSX.platform/Developer/SDKs/MacOSX10.12.sdk/usr/include/c++/4.2.1
Apple LLVM version 8.0.0 (clang-800.0.38)
Target: x86_64-apple-darwin15.6.0
Thread model: posix
InstalledDir: /Applications/Xcode.app/Contents/Developer/Toolchains/XcodeDefault.xctoolchain/usr/bin
configure:4306: $? = 0
configure:4295: g++ -V >&5
clang: error: argument to '-V' is missing (expected 1 value)
clang: error: no input files
configure:4306: $? = 1
configure:4295: g++ -qversion >&5
clang: error: unknown argument: '-qversion'
clang: error: no input files
configure:4306: $? = 1
configure:4310: checking whether we are using the GNU C++ compiler
configure:4329: g++ -c   conftest.cpp >&5
configure:4329: $? = 0
configure:4338: result: yes
configure:4347: checking whether g++ accepts -g
configure:4367: g++ -c -g  conftest.cpp >&5
configure:4367: $? = 0
configure:4408: result: yes
configure:4433: checking dependency style of g++
configure:4544: result: gcc3
configure:4565: checking how to run the C preprocessor
configure:4596: gcc -E  conftest.c
configure:4596: $? = 0
configure:4610: gcc -E  conftest.c
conftest.c:9:10: fatal error: 'ac_nonexistent.h' file not found
#include <ac_nonexistent.h>
         ^
1 error generated.
configure:4610: $? = 1
configure: failed program was:
| /* confdefs.h */
| #define PACKAGE_NAME "SphinxTrain"
| #define PACKAGE_TARNAME "sphinxtrain"
| #define PACKAGE_VERSION "5prealpha"
| #define PACKAGE_STRING "SphinxTrain 5prealpha"
| #define PACKAGE_BUGREPORT ""
| #define PACKAGE_URL ""
| /* end confdefs.h.  */
| #include <ac_nonexistent.h>
configure:4635: result: gcc -E
configure:4655: gcc -E  conftest.c
configure:4655: $? = 0
configure:4669: gcc -E  conftest.c
conftest.c:9:10: fatal error: 'ac_nonexistent.h' file not found
#include <ac_nonexistent.h>
         ^
1 error generated.
configure:4669: $? = 1
configure: failed program was:
| /* confdefs.h */
| #define PACKAGE_NAME "SphinxTrain"
| #define PACKAGE_TARNAME "sphinxtrain"
| #define PACKAGE_VERSION "5prealpha"
| #define PACKAGE_STRING "SphinxTrain 5prealpha"
| #define PACKAGE_BUGREPORT ""
| #define PACKAGE_URL ""
| /* end confdefs.h.  */
| #include <ac_nonexistent.h>
configure:4698: checking for grep that handles long lines and -e
configure:4756: result: /usr/bin/grep
configure:4761: checking for egrep
configure:4823: result: /usr/bin/grep -E
configure:4828: checking for ANSI C header files
configure:4848: gcc -c -g -O2  conftest.c >&5
configure:4848: $? = 0
configure:4921: gcc -o conftest -g -O2   conftest.c  >&5
configure:4921: $? = 0
configure:4921: ./conftest
configure:4921: $? = 0
configure:4932: result: yes
configure:4945: checking for sys/types.h
configure:4945: gcc -c -g -O2  conftest.c >&5
configure:4945: $? = 0
configure:4945: result: yes
configure:4945: checking for sys/stat.h
configure:4945: gcc -c -g -O2  conftest.c >&5
configure:4945: $? = 0
configure:4945: result: yes
configure:4945: checking for stdlib.h
configure:4945: gcc -c -g -O2  conftest.c >&5
configure:4945: $? = 0
configure:4945: result: yes
configure:4945: checking for string.h
configure:4945: gcc -c -g -O2  conftest.c >&5
configure:4945: $? = 0
configure:4945: result: yes
configure:4945: checking for memory.h
configure:4945: gcc -c -g -O2  conftest.c >&5
configure:4945: $? = 0
configure:4945: result: yes
configure:4945: checking for strings.h
configure:4945: gcc -c -g -O2  conftest.c >&5
configure:4945: $? = 0
configure:4945: result: yes
configure:4945: checking for inttypes.h
configure:4945: gcc -c -g -O2  conftest.c >&5
configure:4945: $? = 0
configure:4945: result: yes
configure:4945: checking for stdint.h
configure:4945: gcc -c -g -O2  conftest.c >&5
configure:4945: $? = 0
configure:4945: result: yes
configure:4945: checking for unistd.h
configure:4945: gcc -c -g -O2  conftest.c >&5
configure:4945: $? = 0
configure:4945: result: yes
configure:4957: checking whether byte ordering is bigendian
configure:4972: gcc -c -g -O2  conftest.c >&5
configure:4972: $? = 0
configure:5017: gcc -c -g -O2  conftest.c >&5
configure:5017: $? = 0
configure:5035: gcc -c -g -O2  conftest.c >&5
conftest.c:26:4: error: use of undeclared identifier 'not'
                 not big endian
                 ^
1 error generated.
configure:5035: $? = 1
configure: failed program was:
| /* confdefs.h */
| #define PACKAGE_NAME "SphinxTrain"
| #define PACKAGE_TARNAME "sphinxtrain"
| #define PACKAGE_VERSION "5prealpha"
| #define PACKAGE_STRING "SphinxTrain 5prealpha"
| #define PACKAGE_BUGREPORT ""
| #define PACKAGE_URL ""
| #define STDC_HEADERS 1
| #define HAVE_SYS_TYPES_H 1
| #define HAVE_SYS_STAT_H 1
| #define HAVE_STDLIB_H 1
| #define HAVE_STRING_H 1
| #define HAVE_MEMORY_H 1
| #define HAVE_STRINGS_H 1
| #define HAVE_INTTYPES_H 1
| #define HAVE_STDINT_H 1
| #define HAVE_UNISTD_H 1
| /* end confdefs.h.  */
| #include <sys/types.h>
| 		#include <sys/param.h>
| 
| int
| main ()
| {
| #if BYTE_ORDER != BIG_ENDIAN
| 		 not big endian
| 		#endif
| 
|   ;
|   return 0;
| }
configure:5163: result: no
configure:5228: checking how to print strings
configure:5255: result: printf
configure:5276: checking for a sed that does not truncate output
configure:5340: result: /usr/bin/sed
configure:5358: checking for fgrep
configure:5420: result: /usr/bin/grep -F
configure:5455: checking for ld used by gcc
configure:5522: result: /Applications/Xcode.app/Contents/Developer/Toolchains/XcodeDefault.xctoolchain/usr/bin/ld
configure:5529: checking if the linker (/Applications/Xcode.app/Contents/Developer/Toolchains/XcodeDefault.xctoolchain/usr/bin/ld) is GNU ld
configure:5544: result: no
configure:5556: checking for BSD- or MS-compatible name lister (nm)
configure:5610: result: /usr/bin/nm -B
configure:5740: checking the name lister (/usr/bin/nm -B) interface
configure:5747: gcc -c -g -O2  conftest.c >&5
configure:5750: /usr/bin/nm -B "conftest.o"
configure:5753: output
000000000000020c S _some_variable
configure:5760: result: BSD nm
configure:5763: checking whether ln -s works
configure:5767: result: yes
configure:5775: checking the maximum length of command line arguments
configure:5906: result: 196608
configure:5954: checking how to convert x86_64-apple-darwin15.6.0 file names to x86_64-apple-darwin15.6.0 format
configure:5994: result: func_convert_file_noop
configure:6001: checking how to convert x86_64-apple-darwin15.6.0 file names to toolchain format
configure:6021: result: func_convert_file_noop
configure:6028: checking for /Applications/Xcode.app/Contents/Developer/Toolchains/XcodeDefault.xctoolchain/usr/bin/ld option to reload object files
configure:6035: result: -r
configure:6109: checking for objdump
configure:6139: result: no
configure:6168: checking how to recognize dependent libraries
configure:6368: result: pass_all
configure:6453: checking for dlltool
configure:6483: result: no
configure:6513: checking how to associate runtime and link libraries
configure:6540: result: printf %s\n
configure:6600: checking for ar
configure:6616: found /usr/bin/ar
configure:6627: result: ar
configure:6664: checking for archiver @FILE support
configure:6681: gcc -c -g -O2  conftest.c >&5
configure:6681: $? = 0
configure:6684: ar cru libconftest.a @conftest.lst >&5
ar: @conftest.lst: No such file or directory
configure:6687: $? = 1
configure:6707: result: no
configure:6765: checking for strip
configure:6781: found /usr/bin/strip
configure:6792: result: strip
configure:6864: checking for ranlib
configure:6880: found /usr/bin/ranlib
configure:6891: result: ranlib
configure:6993: checking command to parse /usr/bin/nm -B output from gcc object
configure:7146: gcc -c -g -O2  conftest.c >&5
configure:7149: $? = 0
configure:7153: /usr/bin/nm -B conftest.o \| sed -n -e 's/^.*[ ]\([BCDEGRST][BCDEGRST]*\)[ ][ ]*\([_A-Za-z][_A-Za-z0-9]*\)$/\1 \2 \2/p' | sed '/ __gnu_lto/d' \> conftest.nm
configure:7156: $? = 0
cannot find nm_test_var in conftest.nm
configure:7146: gcc -c -g -O2  conftest.c >&5
configure:7149: $? = 0
configure:7153: /usr/bin/nm -B conftest.o \| sed -n -e 's/^.*[ ]\([BCDEGRST][BCDEGRST]*\)[ ][ ]*_\([_A-Za-z][_A-Za-z0-9]*\)$/\1 _\2 \2/p' | sed '/ __gnu_lto/d' \> conftest.nm
configure:7156: $? = 0
configure:7222: gcc -o conftest -g -O2   conftest.c conftstm.o >&5
warning: (x86_64)  could not find object file symbol for symbol _main
configure:7225: $? = 0
configure:7263: result: ok
configure:7310: checking for sysroot
configure:7340: result: no
configure:7347: checking for a working dd
configure:7385: result: /bin/dd
configure:7389: checking how to truncate binary pipes
configure:7404: result: /bin/dd bs=4096 count=1
configure:7733: checking for mt
configure:7763: result: no
configure:7783: checking if : is a manifest tool
configure:7789: : '-?'
configure:7797: result: no
configure:7853: checking for dsymutil
configure:7869: found /usr/bin/dsymutil
configure:7880: result: dsymutil
configure:7945: checking for nmedit
configure:7961: found /usr/bin/nmedit
configure:7972: result: nmedit
configure:8037: checking for lipo
configure:8053: found /usr/bin/lipo
configure:8064: result: lipo
configure:8129: checking for otool
configure:8145: found /usr/bin/otool
configure:8156: result: otool
configure:8221: checking for otool64
configure:8251: result: no
configure:8296: checking for -single_module linker flag
gcc -g -O2  -o libconftest.dylib -dynamiclib -Wl,-single_module conftest.c
configure:8329: result: yes
configure:8332: checking for -exported_symbols_list linker flag
configure:8352: gcc -o conftest -g -O2   -Wl,-exported_symbols_list,conftest.sym conftest.c  >&5
configure:8352: $? = 0
configure:8362: result: yes
configure:8365: checking for -force_load linker flag
gcc -g -O2 -c -o conftest.o conftest.c
ar cru libconftest.a conftest.o
ranlib libconftest.a
gcc -g -O2  -o conftest conftest.c -Wl,-force_load,./libconftest.a
configure:8397: result: yes
configure:8471: checking for dlfcn.h
configure:8471: gcc -c -g -O2  conftest.c >&5
configure:8471: $? = 0
configure:8471: result: yes
configure:8738: checking for objdir
configure:8753: result: .libs
configure:9017: checking if gcc supports -fno-rtti -fno-exceptions
configure:9035: gcc -c -g -O2  -fno-rtti -fno-exceptions conftest.c >&5
configure:9039: $? = 0
configure:9052: result: yes
configure:9410: checking for gcc option to produce PIC
configure:9417: result: -fno-common -DPIC
configure:9425: checking if gcc PIC flag -fno-common -DPIC works
configure:9443: gcc -c -g -O2  -fno-common -DPIC -DPIC conftest.c >&5
configure:9447: $? = 0
configure:9460: result: yes
configure:9489: checking if gcc static flag -static works
configure:9517: result: no
configure:9532: checking if gcc supports -c -o file.o
configure:9553: gcc -c -g -O2  -o out/conftest2.o conftest.c >&5
configure:9557: $? = 0
configure:9579: result: yes
configure:9587: checking if gcc supports -c -o file.o
configure:9634: result: yes
configure:9667: checking whether the gcc linker (/Applications/Xcode.app/Contents/Developer/Toolchains/XcodeDefault.xctoolchain/usr/bin/ld) supports shared libraries
configure:10926: result: yes
configure:11166: checking dynamic linker characteristics
configure:11984: result: darwin15.6.0 dyld
configure:12106: checking how to hardcode library paths into programs
configure:12131: result: immediate
configure:12679: checking whether stripping libraries is possible
configure:12693: result: yes
configure:12719: checking if libtool supports shared libraries
configure:12721: result: yes
configure:12724: checking whether to build shared libraries
configure:12749: result: yes
configure:12752: checking whether to build static libraries
configure:12756: result: yes
configure:12779: checking how to run the C++ preprocessor
configure:12806: g++ -E  conftest.cpp
configure:12806: $? = 0
configure:12820: g++ -E  conftest.cpp
conftest.cpp:21:10: fatal error: 'ac_nonexistent.h' file not found
#include <ac_nonexistent.h>
         ^
1 error generated.
configure:12820: $? = 1
configure: failed program was:
| /* confdefs.h */
| #define PACKAGE_NAME "SphinxTrain"
| #define PACKAGE_TARNAME "sphinxtrain"
| #define PACKAGE_VERSION "5prealpha"
| #define PACKAGE_STRING "SphinxTrain 5prealpha"
| #define PACKAGE_BUGREPORT ""
| #define PACKAGE_URL ""
| #define STDC_HEADERS 1
| #define HAVE_SYS_TYPES_H 1
| #define HAVE_SYS_STAT_H 1
| #define HAVE_STDLIB_H 1
| #define HAVE_STRING_H 1
| #define HAVE_MEMORY_H 1
| #define HAVE_STRINGS_H 1
| #define HAVE_INTTYPES_H 1
| #define HAVE_STDINT_H 1
| #define HAVE_UNISTD_H 1
| #define HAVE_DLFCN_H 1
| #define LT_OBJDIR ".libs/"
| /* end confdefs.h.  */
| #include <ac_nonexistent.h>
configure:12845: result: g++ -E
configure:12865: g++ -E  conftest.cpp
configure:12865: $? = 0
configure:12879: g++ -E  conftest.cpp
conftest.cpp:21:10: fatal error: 'ac_nonexistent.h' file not found
#include <ac_nonexistent.h>
         ^
1 error generated.
configure:12879: $? = 1
configure: failed program was:
| /* confdefs.h */
| #define PACKAGE_NAME "SphinxTrain"
| #define PACKAGE_TARNAME "sphinxtrain"
| #define PACKAGE_VERSION "5prealpha"
| #define PACKAGE_STRING "SphinxTrain 5prealpha"
| #define PACKAGE_BUGREPORT ""
| #define PACKAGE_URL ""
| #define STDC_HEADERS 1
| #define HAVE_SYS_TYPES_H 1
| #define HAVE_SYS_STAT_H 1
| #define HAVE_STDLIB_H 1
| #define HAVE_STRING_H 1
| #define HAVE_MEMORY_H 1
| #define HAVE_STRINGS_H 1
| #define HAVE_INTTYPES_H 1
| #define HAVE_STDINT_H 1
| #define HAVE_UNISTD_H 1
| #define HAVE_DLFCN_H 1
| #define LT_OBJDIR ".libs/"
| /* end confdefs.h.  */
| #include <ac_nonexistent.h>
configure:13041: checking for ld used by g++
configure:13108: result: /Applications/Xcode.app/Contents/Developer/Toolchains/XcodeDefault.xctoolchain/usr/bin/ld
configure:13115: checking if the linker (/Applications/Xcode.app/Contents/Developer/Toolchains/XcodeDefault.xctoolchain/usr/bin/ld) is GNU ld
configure:13130: result: no
configure:13185: checking whether the g++ linker (/Applications/Xcode.app/Contents/Developer/Toolchains/XcodeDefault.xctoolchain/usr/bin/ld) supports shared libraries
configure:14258: result: yes
configure:14294: g++ -c -g -O2  conftest.cpp >&5
configure:14297: $? = 0
configure:14778: checking for g++ option to produce PIC
configure:14785: result: -fno-common -DPIC
configure:14793: checking if g++ PIC flag -fno-common -DPIC works
configure:14811: g++ -c -g -O2  -fno-common -DPIC -DPIC conftest.cpp >&5
configure:14815: $? = 0
configure:14828: result: yes
configure:14851: checking if g++ static flag -static works
configure:14879: result: no
configure:14891: checking if g++ supports -c -o file.o
configure:14912: g++ -c -g -O2  -o out/conftest2.o conftest.cpp >&5
configure:14916: $? = 0
configure:14938: result: yes
configure:14943: checking if g++ supports -c -o file.o
configure:14990: result: yes
configure:15020: checking whether the g++ linker (/Applications/Xcode.app/Contents/Developer/Toolchains/XcodeDefault.xctoolchain/usr/bin/ld) supports shared libraries
configure:15060: result: yes
configure:15201: checking dynamic linker characteristics
configure:15946: result: darwin15.6.0 dyld
configure:16011: checking how to hardcode library paths into programs
configure:16036: result: immediate
configure:16098: checking for log in -lm
configure:16123: gcc -o conftest -g -O2   conftest.c -lm   >&5
conftest.c:28:6: warning: incompatible redeclaration of library function 'log' [-Wincompatible-library-redeclaration]
char log ();
     ^
conftest.c:28:6: note: 'log' is a builtin with type 'double (double)'
1 warning generated.
configure:16123: $? = 0
configure:16132: result: yes
configure:16143: checking for d_log in -lg2c
configure:16168: gcc -o conftest -g -O2   conftest.c -lg2c  -lm  >&5
ld: library not found for -lg2c
clang: error: linker command failed with exit code 1 (use -v to see invocation)
configure:16168: $? = 1
configure: failed program was:
| /* confdefs.h */
| #define PACKAGE_NAME "SphinxTrain"
| #define PACKAGE_TARNAME "sphinxtrain"
| #define PACKAGE_VERSION "5prealpha"
| #define PACKAGE_STRING "SphinxTrain 5prealpha"
| #define PACKAGE_BUGREPORT ""
| #define PACKAGE_URL ""
| #define STDC_HEADERS 1
| #define HAVE_SYS_TYPES_H 1
| #define HAVE_SYS_STAT_H 1
| #define HAVE_STDLIB_H 1
| #define HAVE_STRING_H 1
| #define HAVE_MEMORY_H 1
| #define HAVE_STRINGS_H 1
| #define HAVE_INTTYPES_H 1
| #define HAVE_STDINT_H 1
| #define HAVE_UNISTD_H 1
| #define HAVE_DLFCN_H 1
| #define LT_OBJDIR ".libs/"
| #define HAVE_LIBM 1
| /* end confdefs.h.  */
| 
| /* Override any GCC internal prototype to avoid an error.
|    Use char because int might match the return type of a GCC
|    builtin and then its argument prototype would still apply.  */
| #ifdef __cplusplus
| extern "C"
| #endif
| char d_log ();
| int
| main ()
| {
| return d_log ();
|   ;
|   return 0;
| }
configure:16177: result: no
configure:16193: checking for perl5
configure:16226: result: no
configure:16193: checking for perl
configure:16211: found /Volumes/Storage/goinfre/aoudin/homebrew/bin/perl
configure:16223: result: /Volumes/Storage/goinfre/aoudin/homebrew/bin/perl
configure:16283: checking for sphinxbase in /nfs/2017/a/aoudin/Projects/KIFT/SPHINX/sphinxtrain-5prealpha/../sphinxbase
configure:16291: result: no
configure:16283: checking for sphinxbase in /nfs/2017/a/aoudin/Projects/KIFT/SPHINX/sphinxtrain-5prealpha/../sphinxbase-5prealpha
configure:16287: result: yes
configure:16534: checking for /nfs/2017/a/aoudin/Projects/KIFT/SPHINX/sphinxtrain-5prealpha/../sphinxbase-5prealpha/include/sphinxbase/prim_type.h
configure:16548: result: yes
configure:16562: checking for /nfs/2017/a/aoudin/Projects/KIFT/SPHINX/sphinxtrain-5prealpha/../sphinxbase-5prealpha/src/libsphinxbase/libsphinxbase.la
configure:16576: result: yes
configure:16779: checking that generated files are newer than configure
configure:16785: result: done
configure:16817: creating ./config.status

## ---------------------- ##
## Running config.status. ##
## ---------------------- ##

This file was extended by SphinxTrain config.status 5prealpha, which was
generated by GNU Autoconf 2.69.  Invocation command line was

  CONFIG_FILES    = 
  CONFIG_HEADERS  = 
  CONFIG_LINKS    = 
  CONFIG_COMMANDS = 
  $ ./config.status 

on e1z2r5p29.42.us.org

config.status:1197: creating Makefile
config.status:1197: creating etc/Makefile
config.status:1197: creating include/Makefile
config.status:1197: creating python/Makefile
config.status:1197: creating scripts/Makefile
config.status:1197: creating src/Makefile
config.status:1197: creating src/programs/Makefile
config.status:1197: creating src/libs/Makefile
config.status:1197: creating src/libs/libclust/Makefile
config.status:1197: creating src/libs/libcommon/Makefile
config.status:1197: creating src/libs/libio/Makefile
config.status:1197: creating src/libs/libmllr/Makefile
config.status:1197: creating src/libs/libmodinv/Makefile
config.status:1197: creating src/programs/agg_seg/Makefile
config.status:1197: creating src/programs/bldtree/Makefile
config.status:1197: creating src/programs/bw/Makefile
config.status:1197: creating src/programs/cdcn_norm/Makefile
config.status:1197: creating src/programs/cdcn_train/Makefile
config.status:1197: creating src/programs/cp_parm/Makefile
config.status:1197: creating src/programs/delint/Makefile
config.status:1197: creating src/programs/inc_comp/Makefile
config.status:1197: creating src/programs/init_gau/Makefile
config.status:1197: creating src/programs/init_mixw/Makefile
config.status:1197: creating src/programs/g2p_eval/Makefile
config.status:1197: creating src/programs/g2p_train/Makefile
config.status:1197: creating src/programs/kdtree/Makefile
config.status:1197: creating src/programs/kmeans_init/Makefile
config.status:1197: creating src/programs/make_quests/Makefile
config.status:1197: creating src/programs/map_adapt/Makefile
config.status:1197: creating src/programs/mixw_interp/Makefile
config.status:1197: creating src/programs/mk_flat/Makefile
config.status:1197: creating src/programs/mk_mdef_gen/Makefile
config.status:1197: creating src/programs/mk_mllr_class/Makefile
config.status:1197: creating src/programs/mk_s2sendump/Makefile
config.status:1197: creating src/programs/mk_ts2cb/Makefile
config.status:1197: creating src/programs/mllr_solve/Makefile
config.status:1197: creating src/programs/mllr_transform/Makefile
config.status:1197: creating src/programs/norm/Makefile
config.status:1197: creating src/programs/param_cnt/Makefile
config.status:1197: creating src/programs/printp/Makefile
config.status:1197: creating src/programs/prunetree/Makefile
config.status:1197: creating src/programs/tiestate/Makefile
config.status:1197: creating test/Makefile
config.status:1197: creating include/config.h
config.status:1378: include/config.h is unchanged
config.status:1426: executing depfiles commands
config.status:1426: executing libtool commands

## ---------------- ##
## Cache variables. ##
## ---------------- ##

ac_cv_build=x86_64-apple-darwin15.6.0
ac_cv_c_bigendian=no
ac_cv_c_compiler_gnu=yes
ac_cv_cxx_compiler_gnu=yes
ac_cv_env_CCC_set=
ac_cv_env_CCC_value=
ac_cv_env_CC_set=
ac_cv_env_CC_value=
ac_cv_env_CFLAGS_set=
ac_cv_env_CFLAGS_value=
ac_cv_env_CPPFLAGS_set=
ac_cv_env_CPPFLAGS_value=
ac_cv_env_CPP_set=
ac_cv_env_CPP_value=
ac_cv_env_CXXCPP_set=
ac_cv_env_CXXCPP_value=
ac_cv_env_CXXFLAGS_set=
ac_cv_env_CXXFLAGS_value=
ac_cv_env_CXX_set=
ac_cv_env_CXX_value=
ac_cv_env_LDFLAGS_set=
ac_cv_env_LDFLAGS_value=
ac_cv_env_LIBS_set=
ac_cv_env_LIBS_value=
ac_cv_env_LT_SYS_LIBRARY_PATH_set=
ac_cv_env_LT_SYS_LIBRARY_PATH_value=
ac_cv_env_PKG_CONFIG_set=
ac_cv_env_PKG_CONFIG_value=
ac_cv_env_SphinxBase_CFLAGS_set=
ac_cv_env_SphinxBase_CFLAGS_value=
ac_cv_env_SphinxBase_LIBS_set=
ac_cv_env_SphinxBase_LIBS_value=
ac_cv_env_build_alias_set=
ac_cv_env_build_alias_value=
ac_cv_env_host_alias_set=
ac_cv_env_host_alias_value=
ac_cv_env_target_alias_set=
ac_cv_env_target_alias_value=
ac_cv_file__nfs_2017_a_aoudin_Projects_KIFT_SPHINX_sphinxtrain_5prealpha____sphinxbase_5prealpha_include_sphinxbase_prim_type_h=yes
ac_cv_file__nfs_2017_a_aoudin_Projects_KIFT_SPHINX_sphinxtrain_5prealpha____sphinxbase_5prealpha_src_libsphinxbase_libsphinxbase_la=yes
ac_cv_header_dlfcn_h=yes
ac_cv_header_inttypes_h=yes
ac_cv_header_memory_h=yes
ac_cv_header_stdc=yes
ac_cv_header_stdint_h=yes
ac_cv_header_stdlib_h=yes
ac_cv_header_string_h=yes
ac_cv_header_strings_h=yes
ac_cv_header_sys_stat_h=yes
ac_cv_header_sys_types_h=yes
ac_cv_header_unistd_h=yes
ac_cv_host=x86_64-apple-darwin15.6.0
ac_cv_lib_g2c_d_log=no
ac_cv_lib_m_log=yes
ac_cv_objext=o
ac_cv_path_EGREP='/usr/bin/grep -E'
ac_cv_path_FGREP='/usr/bin/grep -F'
ac_cv_path_GREP=/usr/bin/grep
ac_cv_path_PERL=/Volumes/Storage/goinfre/aoudin/homebrew/bin/perl
ac_cv_path_SED=/usr/bin/sed
ac_cv_path_install='/usr/bin/install -c'
ac_cv_path_lt_DD=/bin/dd
ac_cv_prog_AWK=awk
ac_cv_prog_CPP='gcc -E'
ac_cv_prog_CXXCPP='g++ -E'
ac_cv_prog_ac_ct_AR=ar
ac_cv_prog_ac_ct_CC=gcc
ac_cv_prog_ac_ct_CXX=g++
ac_cv_prog_ac_ct_DSYMUTIL=dsymutil
ac_cv_prog_ac_ct_LIPO=lipo
ac_cv_prog_ac_ct_NMEDIT=nmedit
ac_cv_prog_ac_ct_OTOOL=otool
ac_cv_prog_ac_ct_RANLIB=ranlib
ac_cv_prog_ac_ct_STRIP=strip
ac_cv_prog_cc_c89=
ac_cv_prog_cc_g=yes
ac_cv_prog_cxx_g=yes
ac_cv_prog_make_make_set=yes
am_cv_CC_dependencies_compiler_type=gcc3
am_cv_CXX_dependencies_compiler_type=gcc3
am_cv_make_support_nested_variables=yes
am_cv_prog_cc_c_o=yes
lt_cv_apple_cc_single_mod=yes
lt_cv_ar_at_file=no
lt_cv_deplibs_check_method=pass_all
lt_cv_file_magic_cmd='$MAGIC_CMD'
lt_cv_file_magic_test_file=
lt_cv_ld_exported_symbols_list=yes
lt_cv_ld_force_load=yes
lt_cv_ld_reload_flag=-r
lt_cv_nm_interface='BSD nm'
lt_cv_objdir=.libs
lt_cv_path_LD=/Applications/Xcode.app/Contents/Developer/Toolchains/XcodeDefault.xctoolchain/usr/bin/ld
lt_cv_path_LDCXX=/Applications/Xcode.app/Contents/Developer/Toolchains/XcodeDefault.xctoolchain/usr/bin/ld
lt_cv_path_NM='/usr/bin/nm -B'
lt_cv_path_mainfest_tool=no
lt_cv_prog_compiler_c_o=yes
lt_cv_prog_compiler_c_o_CXX=yes
lt_cv_prog_compiler_pic='-fno-common -DPIC'
lt_cv_prog_compiler_pic_CXX='-fno-common -DPIC'
lt_cv_prog_compiler_pic_works=yes
lt_cv_prog_compiler_pic_works_CXX=yes
lt_cv_prog_compiler_rtti_exceptions=yes
lt_cv_prog_compiler_static_works=no
lt_cv_prog_compiler_static_works_CXX=no
lt_cv_prog_gnu_ld=no
lt_cv_prog_gnu_ldcxx=no
lt_cv_sharedlib_from_linklib_cmd='printf %s\n'
lt_cv_sys_global_symbol_pipe='sed -n -e '\''s/^.*[	 ]\([BCDEGRST][BCDEGRST]*\)[	 ][	 ]*_\([_A-Za-z][_A-Za-z0-9]*\)$/\1 _\2 \2/p'\'' | sed '\''/ __gnu_lto/d'\'''
lt_cv_sys_global_symbol_to_c_name_address='sed -n -e '\''s/^: \(.*\) .*$/  {"\1", (void *) 0},/p'\'' -e '\''s/^[BCDEGRST][BCDEGRST]* .* \(.*\)$/  {"\1", (void *) \&\1},/p'\'''
lt_cv_sys_global_symbol_to_c_name_address_lib_prefix='sed -n -e '\''s/^: \(.*\) .*$/  {"\1", (void *) 0},/p'\'' -e '\''s/^[BCDEGRST][BCDEGRST]* .* \(lib.*\)$/  {"\1", (void *) \&\1},/p'\'' -e '\''s/^[BCDEGRST][BCDEGRST]* .* \(.*\)$/  {"lib\1", (void *) \&\1},/p'\'''
lt_cv_sys_global_symbol_to_cdecl='sed -n -e '\''s/^T .* \(.*\)$/extern int \1();/p'\'' -e '\''s/^[BCDEGRST][BCDEGRST]* .* \(.*\)$/extern char \1;/p'\'''
lt_cv_sys_global_symbol_to_import=
lt_cv_sys_max_cmd_len=196608
lt_cv_to_host_file_cmd=func_convert_file_noop
lt_cv_to_tool_file_cmd=func_convert_file_noop
lt_cv_truncate_bin='/bin/dd bs=4096 count=1'

## ----------------- ##
## Output variables. ##
## ----------------- ##

ACLOCAL='${SHELL} /nfs/2017/a/aoudin/Projects/KIFT/SPHINX/sphinxtrain-5prealpha/missing aclocal-1.15'
AMDEPBACKSLASH='\'
AMDEP_FALSE='#'
AMDEP_TRUE=''
AMTAR='$${TAR-tar}'
AM_BACKSLASH='\'
AM_DEFAULT_V='$(AM_DEFAULT_VERBOSITY)'
AM_DEFAULT_VERBOSITY='1'
AM_V='$(V)'
AR='ar'
AUTOCONF='${SHELL} /nfs/2017/a/aoudin/Projects/KIFT/SPHINX/sphinxtrain-5prealpha/missing autoconf'
AUTOHEADER='${SHELL} /nfs/2017/a/aoudin/Projects/KIFT/SPHINX/sphinxtrain-5prealpha/missing autoheader'
AUTOMAKE='${SHELL} /nfs/2017/a/aoudin/Projects/KIFT/SPHINX/sphinxtrain-5prealpha/missing automake-1.15'
AWK='awk'
CC='gcc'
CCDEPMODE='depmode=gcc3'
CFLAGS='-g -O2 -fPIC -DPIC'
CPP='gcc -E'
CPPFLAGS='-I/nfs/2017/a/aoudin/Projects/KIFT/SPHINX/sphinxtrain-5prealpha/../sphinxbase-5prealpha/include -I/nfs/2017/a/aoudin/Projects/KIFT/SPHINX/sphinxtrain-5prealpha/../sphinxbase-5prealpha/include '
CXX='g++'
CXXCPP='g++ -E'
CXXDEPMODE='depmode=gcc3'
CXXFLAGS='-g -O2'
CYGPATH_W='echo'
DEFS='-DHAVE_CONFIG_H'
DEPDIR='.deps'
DLLTOOL='false'
DSYMUTIL='dsymutil'
DUMPBIN=''
ECHO_C='\c'
ECHO_N=''
ECHO_T=''
EGREP='/usr/bin/grep -E'
EXEEXT=''
FGREP='/usr/bin/grep -F'
G2P_DECODER_FALSE=''
G2P_DECODER_TRUE='#'
GREP='/usr/bin/grep'
INSTALL_DATA='${INSTALL} -m 644'
INSTALL_PROGRAM='${INSTALL}'
INSTALL_SCRIPT='${INSTALL}'
INSTALL_STRIP_PROGRAM='$(install_sh) -c -s'
LD='/Applications/Xcode.app/Contents/Developer/Toolchains/XcodeDefault.xctoolchain/usr/bin/ld'
LDFLAGS=' -L/nfs/2017/a/aoudin/Projects/KIFT/SPHINX/sphinxtrain-5prealpha/../sphinxbase-5prealpha/src/libsphinxad 		  -L/nfs/2017/a/aoudin/Projects/KIFT/SPHINX/sphinxtrain-5prealpha/../sphinxbase-5prealpha/src/libsphinxbase 		  -L/nfs/2017/a/aoudin/Projects/KIFT/SPHINX/sphinxtrain-5prealpha/../sphinxbase-5prealpha/src/libsphinxbase/.libs'
LIBOBJS=''
LIBS='-lm  -lsphinxbase'
LIBTOOL='$(SHELL) $(top_builddir)/libtool'
LIPO='lipo'
LN_S='ln -s'
LTLIBOBJS=''
LT_SYS_LIBRARY_PATH=''
MAKEINFO='${SHELL} /nfs/2017/a/aoudin/Projects/KIFT/SPHINX/sphinxtrain-5prealpha/missing makeinfo'
MANIFEST_TOOL=':'
MKDIR_P='./install-sh -c -d'
NM='/usr/bin/nm -B'
NMEDIT='nmedit'
OBJDUMP='false'
OBJEXT='o'
OPENFST_CFLAGS=''
OPENFST_LIBS=''
OTOOL64=':'
OTOOL='otool'
PACKAGE='sphinxtrain'
PACKAGE_BUGREPORT=''
PACKAGE_NAME='SphinxTrain'
PACKAGE_STRING='SphinxTrain 5prealpha'
PACKAGE_TARNAME='sphinxtrain'
PACKAGE_URL=''
PACKAGE_VERSION='5prealpha'
PATH_SEPARATOR=':'
PERL='/Volumes/Storage/goinfre/aoudin/homebrew/bin/perl'
PKG_CONFIG=''
RANLIB='ranlib'
SED='/usr/bin/sed'
SET_MAKE=''
SHELL='/bin/sh'
STRIP='strip'
SphinxBase_CFLAGS=''
SphinxBase_LIBS=''
VERSION='5prealpha'
ac_ct_AR='ar'
ac_ct_CC='gcc'
ac_ct_CXX='g++'
ac_ct_DUMPBIN=''
am__EXEEXT_FALSE=''
am__EXEEXT_TRUE='#'
am__fastdepCC_FALSE='#'
am__fastdepCC_TRUE=''
am__fastdepCXX_FALSE='#'
am__fastdepCXX_TRUE=''
am__include='include'
am__isrc=''
am__leading_dot='.'
am__nodep='_no'
am__quote=''
am__tar='$${TAR-tar} chof - "$$tardir"'
am__untar='$${TAR-tar} xf -'
bindir='${exec_prefix}/bin'
build='x86_64-apple-darwin15.6.0'
build_alias=''
build_cpu='x86_64'
build_os='darwin15.6.0'
build_vendor='apple'
datadir='${datarootdir}'
datarootdir='${prefix}/share'
docdir='${datarootdir}/doc/${PACKAGE_TARNAME}'
dvidir='${docdir}'
exec_prefix='${prefix}'
host='x86_64-apple-darwin15.6.0'
host_alias=''
host_cpu='x86_64'
host_os='darwin15.6.0'
host_vendor='apple'
htmldir='${docdir}'
includedir='${prefix}/include'
infodir='${datarootdir}/info'
install_sh='${SHELL} /nfs/2017/a/aoudin/Projects/KIFT/SPHINX/sphinxtrain-5prealpha/install-sh'
libdir='${exec_prefix}/lib'
libexecdir='${exec_prefix}/libexec'
localedir='${datarootdir}/locale'
localstatedir='${prefix}/var'
mandir='${datarootdir}/man'
mkdir_p='$(MKDIR_P)'
oldincludedir='/usr/include'
pdfdir='${docdir}'
prefix='/nfs/2017/a/aoudin/Projects/KIFT/SPHINX/sphinxtrain-5prealpha'
program_transform_name='s,x,x,'
psdir='${docdir}'
sbindir='${exec_prefix}/sbin'
sharedstatedir='${prefix}/com'
sphinxbase='/nfs/2017/a/aoudin/Projects/KIFT/SPHINX/sphinxtrain-5prealpha/../sphinxbase-5prealpha'
sphinxbasebuild='/nfs/2017/a/aoudin/Projects/KIFT/SPHINX/sphinxtrain-5prealpha/../sphinxbase-5prealpha'
sysconfdir='${prefix}/etc'
target_alias=''

## ----------- ##
## confdefs.h. ##
## ----------- ##

/* confdefs.h */
#define PACKAGE_NAME "SphinxTrain"
#define PACKAGE_TARNAME "sphinxtrain"
#define PACKAGE_VERSION "5prealpha"
#define PACKAGE_STRING "SphinxTrain 5prealpha"
#define PACKAGE_BUGREPORT ""
#define PACKAGE_URL ""
#define STDC_HEADERS 1
#define HAVE_SYS_TYPES_H 1
#define HAVE_SYS_STAT_H 1
#define HAVE_STDLIB_H 1
#define HAVE_STRING_H 1
#define HAVE_MEMORY_H 1
#define HAVE_STRINGS_H 1
#define HAVE_INTTYPES_H 1
#define HAVE_STDINT_H 1
#define HAVE_UNISTD_H 1
#define HAVE_DLFCN_H 1
#define LT_OBJDIR ".libs/"
#define HAVE_LIBM 1

configure: exit 0
